<?xml version="1.0" encoding="UTF-8"?>
<testng-results ignored="0" total="2" passed="2" failed="0" skipped="0">
  <reporter-output>
  </reporter-output>
  <suite started-at="2026-05-17T11:11:57 IST" name="Suite" finished-at="2026-05-17T11:12:11 IST" duration-ms="14285">
    <groups>
    </groups>
    <test started-at="2026-05-17T11:11:57 IST" name="Test" finished-at="2026-05-17T11:12:11 IST" duration-ms="14285">
      <class name="org.tests.qa.LoginTest">
        <test-method is-config="true" signature="setUp()[pri:0, instance:org.tests.qa.LoginTest@35390ee3]" started-at="2026-05-17T11:11:57 IST" name="setUp" finished-at="2026-05-17T11:12:06 IST" duration-ms="8810" status="PASS">
          <reporter-output>
          </reporter-output>
        </test-method> <!-- setUp -->
        <test-method signature="TC001_Valid_Login(java.lang.String,java.lang.String)[pri:0, instance:org.tests.qa.LoginTest@35390ee3]" started-at="2026-05-17T11:12:06 IST" name="TC001_Valid_Login" data-provider="getData" finished-at="2026-05-17T11:12:06 IST" duration-ms="323" status="PASS">
          <params>
            <param index="0">
              <value>
                <![CDATA[Admin]]>
              </value>
            </param>
            <param index="1">
              <value>
                <![CDATA[Admin@123]]>
              </value>
            </param>
          </params>
          <reporter-output>
          </reporter-output>
        </test-method> <!-- TC001_Valid_Login -->
        <test-method is-config="true" signature="tearDown()[pri:0, instance:org.tests.qa.LoginTest@35390ee3]" started-at="2026-05-17T11:12:06 IST" name="tearDown" finished-at="2026-05-17T11:12:06 IST" duration-ms="340" status="PASS">
          <reporter-output>
          </reporter-output>
        </test-method> <!-- tearDown -->
        <test-method is-config="true" signature="setUp()[pri:0, instance:org.tests.qa.LoginTest@35390ee3]" started-at="2026-05-17T11:12:06 IST" name="setUp" finished-at="2026-05-17T11:12:11 IST" duration-ms="4149" status="PASS">
          <reporter-output>
          </reporter-output>
        </test-method> <!-- setUp -->
        <test-method signature="TC001_Valid_Login(java.lang.String,java.lang.String)[pri:0, instance:org.tests.qa.LoginTest@35390ee3]" started-at="2026-05-17T11:12:11 IST" name="TC001_Valid_Login" data-provider="getData" finished-at="2026-05-17T11:12:11 IST" duration-ms="388" status="PASS">
          <params>
            <param index="0">
              <value>
                <![CDATA[SuperAdmin]]>
              </value>
            </param>
            <param index="1">
              <value>
                <![CDATA[SA@123]]>
              </value>
            </param>
          </params>
          <reporter-output>
          </reporter-output>
        </test-method> <!-- TC001_Valid_Login -->
        <test-method is-config="true" signature="tearDown()[pri:0, instance:org.tests.qa.LoginTest@35390ee3]" started-at="2026-05-17T11:12:11 IST" name="tearDown" finished-at="2026-05-17T11:12:11 IST" duration-ms="168" status="PASS">
          <reporter-output>
          </reporter-output>
        </test-method> <!-- tearDown -->
      </class> <!-- org.tests.qa.LoginTest -->
    </test> <!-- Test -->
  </suite> <!-- Suite -->
</testng-results>
